#
# There is insufficient memory for the Java Runtime Environment to continue.
# Native memory allocation (malloc) failed to allocate 1048576 bytes for AllocateHeap
# Possible reasons:
#   The system is out of physical RAM or swap space
#   The process is running with CompressedOops enabled, and the Java Heap may be blocking the growth of the native heap
# Possible solutions:
#   Reduce memory load on the system
#   Increase physical memory or swap space
#   Check if swap backing store is full
#   Decrease Java heap size (-Xmx/-Xms)
#   Decrease number of Java threads
#   Decrease Java thread stack sizes (-Xss)
#   Set larger code cache with -XX:ReservedCodeCacheSize=
#   JVM is running with Unscaled Compressed Oops mode in which the Java heap is
#     placed in the first 4GB address space. The Java Heap base address is the
#     maximum limit for the native heap growth. Please use -XX:HeapBaseMinAddress
#     to set the Java Heap base and to place the Java Heap above 4GB virtual address.
# This output file may be truncated or incomplete.
#
#  Out of Memory Error (allocation.cpp:44), pid=14752, tid=6824
#
# JRE version: OpenJDK Runtime Environment Temurin-17.0.10+7 (17.0.10+7) (build 17.0.10+7)
# Java VM: OpenJDK 64-Bit Server VM Temurin-17.0.10+7 (17.0.10+7, mixed mode, emulated-client, tiered, compressed oops, compressed class ptrs, g1 gc, windows-amd64)
# No core dump will be written. Minidumps are not enabled by default on client versions of Windows
#

---------------  S U M M A R Y ------------

Command Line: -Xmx1024m -Dsts.lsp.client=vscode -Dsts.log.file=/dev/null -XX:TieredStopAtLevel=1 -Xlog:jni+resolve=off -Dspring.config.location=file:c:\Users\DELL\.vscode\extensions\vmware.vscode-spring-boot-1.54.0\language-server\BOOT-INF\classes\application.properties org.springframework.ide.vscode.boot.app.BootLanguageServerBootApp

Host: Intel(R) Core(TM) i3-1005G1 CPU @ 1.20GHz, 4 cores, 11G,  Windows 11 , 64 bit Build 22621 (10.0.22621.3527)
Time: Mon May 20 18:17:29 2024 India Standard Time elapsed time: 18429.649419 seconds (0d 5h 7m 9s)

---------------  T H R E A D  ---------------

Current thread (0x0000024d7f4613a0):  VMThread "VM Thread" [stack: 0x00000086b7f00000,0x00000086b8000000] [id=6824]

Stack: [0x00000086b7f00000,0x00000086b8000000]
Native frames: (J=compiled Java code, j=interpreted, Vv=VM code, C=native code)
V  [jvm.dll+0x67d2c9]
V  [jvm.dll+0x834afa]
V  [jvm.dll+0x8365be]
V  [jvm.dll+0x836c23]
V  [jvm.dll+0x2477ff]
V  [jvm.dll+0xa6c93]
V  [jvm.dll+0x2f8663]
V  [jvm.dll+0x2f42e0]
V  [jvm.dll+0x2dc8c7]
V  [jvm.dll+0x31fb87]
V  [jvm.dll+0x83b11b]
V  [jvm.dll+0x83be61]
V  [jvm.dll+0x83c37d]
V  [jvm.dll+0x83c754]
V  [jvm.dll+0x83c820]
V  [jvm.dll+0x7e3fba]
V  [jvm.dll+0x67c1b5]
C  [ucrtbase.dll+0x29333]
C  [KERNEL32.DLL+0x1257d]
C  [ntdll.dll+0x5aa48]

VM_Operation (0x00000086b91ff000): G1CollectFull, mode: safepoint, requested by thread 0x0000024d051ae160


---------------  P R O C E S S  ---------------

Threads class SMR info:
_java_thread_list=0x0000024d055428c0, length=24, elements={
0x0000024d7f493380, 0x0000024d7f493f40, 0x0000024d7f4ba4d0, 0x0000024d7f4bb090,
0x0000024d7f4bda60, 0x0000024d7f4c0430, 0x0000024d7f4c0ea0, 0x0000024d7f47dd10,
0x0000024d7f6bfd00, 0x0000024d7f6c1490, 0x0000024d053a3480, 0x0000024d051ae160,
0x0000024d0541b100, 0x0000024d72e7b5c0, 0x0000024d0527e570, 0x0000024d0520c470,
0x0000024d04e7d180, 0x0000024d04e7efe0, 0x0000024d04e7f4f0, 0x0000024d04e7ead0,
0x0000024d04e7dba0, 0x0000024d04e7c760, 0x0000024d04e7cc70, 0x0000024d05898fb0
}

Java Threads: ( => current thread )
  0x0000024d7f493380 JavaThread "Reference Handler" daemon [_thread_blocked, id=15904, stack(0x00000086b8000000,0x00000086b8100000)]
  0x0000024d7f493f40 JavaThread "Finalizer" daemon [_thread_blocked, id=15396, stack(0x00000086b8100000,0x00000086b8200000)]
  0x0000024d7f4ba4d0 JavaThread "Signal Dispatcher" daemon [_thread_blocked, id=15196, stack(0x00000086b8200000,0x00000086b8300000)]
  0x0000024d7f4bb090 JavaThread "Attach Listener" daemon [_thread_blocked, id=12412, stack(0x00000086b8300000,0x00000086b8400000)]
  0x0000024d7f4bda60 JavaThread "Service Thread" daemon [_thread_blocked, id=13168, stack(0x00000086b8400000,0x00000086b8500000)]
  0x0000024d7f4c0430 JavaThread "Monitor Deflation Thread" daemon [_thread_blocked, id=14144, stack(0x00000086b8500000,0x00000086b8600000)]
  0x0000024d7f4c0ea0 JavaThread "C1 CompilerThread0" daemon [_thread_blocked, id=10212, stack(0x00000086b8600000,0x00000086b8700000)]
  0x0000024d7f47dd10 JavaThread "Sweeper thread" daemon [_thread_blocked, id=13644, stack(0x00000086b8700000,0x00000086b8800000)]
  0x0000024d7f6bfd00 JavaThread "Notification Thread" daemon [_thread_blocked, id=15136, stack(0x00000086b8a00000,0x00000086b8b00000)]
  0x0000024d7f6c1490 JavaThread "Common-Cleaner" daemon [_thread_blocked, id=6660, stack(0x00000086b8c00000,0x00000086b8d00000)]
  0x0000024d053a3480 JavaThread "boundedElastic-evictor-1" daemon [_thread_blocked, id=14344, stack(0x00000086b9000000,0x00000086b9100000)]
  0x0000024d051ae160 JavaThread "pool-13-thread-1" [_thread_blocked, id=10576, stack(0x00000086b9100000,0x00000086b9200000)]
  0x0000024d0541b100 JavaThread "LanguageServerApp-lifecycle" [_thread_blocked, id=13896, stack(0x00000086b9200000,0x00000086b9300000)]
  0x0000024d72e7b5c0 JavaThread "DestroyJavaVM" [_thread_blocked, id=13524, stack(0x00000086b7900000,0x00000086b7a00000)]
  0x0000024d0527e570 JavaThread "pool-14-thread-1" [_thread_in_native, id=1680, stack(0x00000086b9300000,0x00000086b9400000)]
  0x0000024d0520c470 JavaThread "Simple-Language-Server main thread" daemon [_thread_blocked, id=15172, stack(0x00000086b9400000,0x00000086b9500000)]
  0x0000024d04e7d180 JavaThread "parallel-1" daemon [_thread_blocked, id=13852, stack(0x00000086b9800000,0x00000086b9900000)]
  0x0000024d04e7efe0 JavaThread "pool-8-thread-1" [_thread_blocked, id=13808, stack(0x00000086b9900000,0x00000086b9a00000)]
  0x0000024d04e7f4f0 JavaThread "parallel-2" daemon [_thread_blocked, id=4528, stack(0x00000086b9a00000,0x00000086b9b00000)]
  0x0000024d04e7ead0 JavaThread "parallel-3" daemon [_thread_blocked, id=13236, stack(0x00000086b9b00000,0x00000086b9c00000)]
  0x0000024d04e7dba0 JavaThread "pool-6-thread-1" [_thread_blocked, id=7196, stack(0x00000086b9c00000,0x00000086b9d00000)]
  0x0000024d04e7c760 JavaThread "parallel-4" daemon [_thread_blocked, id=6440, stack(0x00000086b9d00000,0x00000086b9e00000)]
  0x0000024d04e7cc70 JavaThread "Reconciler-1" daemon [_thread_blocked, id=16308, stack(0x00000086ba200000,0x00000086ba300000)]
  0x0000024d05898fb0 JavaThread "CompletableFutureDelayScheduler" daemon [_thread_blocked, id=14876, stack(0x00000086b7600000,0x00000086b7700000)]

Other Threads:
=>0x0000024d7f4613a0 VMThread "VM Thread" [stack: 0x00000086b7f00000,0x00000086b8000000] [id=6824]
  0x0000024d7f6c01e0 WatcherThread [stack: 0x00000086b8b00000,0x00000086b8c00000] [id=8760]
  0x0000024d74f04ca0 GCTaskThread "GC Thread#0" [stack: 0x00000086b7a00000,0x00000086b7b00000] [id=6392]
  0x0000024d7f87ea30 GCTaskThread "GC Thread#1" [stack: 0x00000086b8d00000,0x00000086b8e00000] [id=1396]
  0x0000024d7f87ecf0 GCTaskThread "GC Thread#2" [stack: 0x00000086b8e00000,0x00000086b8f00000] [id=9336]
  0x0000024d7f87b8f0 GCTaskThread "GC Thread#3" [stack: 0x00000086b8f00000,0x00000086b9000000] [id=8372]
  0x0000024d74f0dbf0 ConcurrentGCThread "G1 Main Marker" [stack: 0x00000086b7b00000,0x00000086b7c00000] [id=11948]
  0x0000024d74f0f620 ConcurrentGCThread "G1 Conc#0" [stack: 0x00000086b7c00000,0x00000086b7d00000] [id=1508]
  0x0000024d7f2c20d0 ConcurrentGCThread "G1 Refine#0" [stack: 0x00000086b7d00000,0x00000086b7e00000] [id=10196]
  0x0000024d7f2c2910 ConcurrentGCThread "G1 Service" [stack: 0x00000086b7e00000,0x00000086b7f00000] [id=13260]

Threads with active compile tasks:

VM state: at safepoint (normal execution)

VM Mutex/Monitor currently owned by a thread:  ([mutex/lock_event])
[0x0000024d72dc3f70] Threads_lock - owner thread: 0x0000024d7f4613a0
[0x0000024d72dc0940] Heap_lock - owner thread: 0x0000024d051ae160

Heap address: 0x00000000c0000000, size: 1024 MB, Compressed Oops mode: 32-bit

CDS archive(s) not mapped
Compressed class space mapped at: 0x0000000100000000-0x0000000140000000, reserved size: 1073741824
Narrow klass base: 0x0000000000000000, Narrow klass shift: 3, Narrow klass range: 0x140000000

GC Precious Log:
 CPUs: 4 total, 4 available
 Memory: 12055M
 Large Page Support: Disabled
 NUMA Support: Disabled
 Compressed Oops: Enabled (32-bit)
 Heap Region Size: 1M
 Heap Min Capacity: 8M
 Heap Initial Capacity: 190M
 Heap Max Capacity: 1G
 Pre-touch: Disabled
 Parallel Workers: 4
 Concurrent Workers: 1
 Concurrent Refinement Workers: 4
 Periodic GC: Disabled

Heap:
 garbage-first heap   total 106496K, used 35522K [0x00000000c0000000, 0x0000000100000000)
  region size 1024K, 1 young (1024K), 0 survivors (0K)
 Metaspace       used 60212K, committed 60672K, reserved 1114112K
  class space    used 7533K, committed 7744K, reserved 1048576K

Heap Regions: E=young(eden), S=young(survivor), O=old, HS=humongous(starts), HC=humongous(continues), CS=collection set, F=free, OA=open archive, CA=closed archive, TAMS=top-at-mark-start (previous, next)
|   0|0x00000000c0000000, 0x00000000c0100000, 0x00000000c0100000|100%|HS|  |TAMS 0x00000000c0100000, 0x00000000c0000000| Untracked 
|   1|0x00000000c0100000, 0x00000000c0200000, 0x00000000c0200000|100%|HC|  |TAMS 0x00000000c0200000, 0x00000000c0100000| Untracked 
|   2|0x00000000c0200000, 0x00000000c0300000, 0x00000000c0300000|100%|HC|  |TAMS 0x00000000c0300000, 0x00000000c0200000| Untracked 
|   3|0x00000000c0300000, 0x00000000c0400000, 0x00000000c0400000|100%|HC|  |TAMS 0x00000000c0400000, 0x00000000c0300000| Untracked 
|   4|0x00000000c0400000, 0x00000000c0500000, 0x00000000c0500000|100%| O|  |TAMS 0x00000000c0500000, 0x00000000c0400000| Untracked 
|   5|0x00000000c0500000, 0x00000000c0600000, 0x00000000c0600000|100%| O|  |TAMS 0x00000000c0600000, 0x00000000c0500000| Untracked 
|   6|0x00000000c0600000, 0x00000000c06fffe0, 0x00000000c0700000| 99%| O|  |TAMS 0x00000000c06fffe0, 0x00000000c0600000| Untracked 
|   7|0x00000000c0700000, 0x00000000c0800000, 0x00000000c0800000|100%| O|  |TAMS 0x00000000c0800000, 0x00000000c0700000| Untracked 
|   8|0x00000000c0800000, 0x00000000c0900000, 0x00000000c0900000|100%| O|  |TAMS 0x00000000c0900000, 0x00000000c0800000| Untracked 
|   9|0x00000000c0900000, 0x00000000c0a00000, 0x00000000c0a00000|100%| O|  |TAMS 0x00000000c0a00000, 0x00000000c0900000| Untracked 
|  10|0x00000000c0a00000, 0x00000000c0b00000, 0x00000000c0b00000|100%|HS|  |TAMS 0x00000000c0b00000, 0x00000000c0a00000| Untracked 
|  11|0x00000000c0b00000, 0x00000000c0c00000, 0x00000000c0c00000|100%|HC|  |TAMS 0x00000000c0c00000, 0x00000000c0b00000| Untracked 
|  12|0x00000000c0c00000, 0x00000000c0d00000, 0x00000000c0d00000|100%| O|  |TAMS 0x00000000c0d00000, 0x00000000c0c00000| Untracked 
|  13|0x00000000c0d00000, 0x00000000c0e00000, 0x00000000c0e00000|100%| O|  |TAMS 0x00000000c0e00000, 0x00000000c0d00000| Untracked 
|  14|0x00000000c0e00000, 0x00000000c0effff0, 0x00000000c0f00000| 99%| O|  |TAMS 0x00000000c0effff0, 0x00000000c0e00000| Untracked 
|  15|0x00000000c0f00000, 0x00000000c0ffffe0, 0x00000000c1000000| 99%| O|  |TAMS 0x00000000c0ffffe0, 0x00000000c0f00000| Untracked 
|  16|0x00000000c1000000, 0x00000000c10fffe8, 0x00000000c1100000| 99%| O|  |TAMS 0x00000000c10fffe8, 0x00000000c1000000| Untracked 
|  17|0x00000000c1100000, 0x00000000c1200000, 0x00000000c1200000|100%| O|  |TAMS 0x00000000c1200000, 0x00000000c1100000| Untracked 
|  18|0x00000000c1200000, 0x00000000c12fffb0, 0x00000000c1300000| 99%| O|  |TAMS 0x00000000c12fffb0, 0x00000000c1200000| Untracked 
|  19|0x00000000c1300000, 0x00000000c13ffff8, 0x00000000c1400000| 99%| O|  |TAMS 0x00000000c13ffff8, 0x00000000c1300000| Untracked 
|  20|0x00000000c1400000, 0x00000000c14ffff0, 0x00000000c1500000| 99%| O|  |TAMS 0x00000000c14ffff0, 0x00000000c1400000| Untracked 
|  21|0x00000000c1500000, 0x00000000c15ffff8, 0x00000000c1600000| 99%| O|  |TAMS 0x00000000c15ffff8, 0x00000000c1500000| Untracked 
|  22|0x00000000c1600000, 0x00000000c16ffff0, 0x00000000c1700000| 99%| O|  |TAMS 0x00000000c16ffff0, 0x00000000c1600000| Untracked 
|  23|0x00000000c1700000, 0x00000000c17ffff8, 0x00000000c1800000| 99%| O|  |TAMS 0x00000000c17ffff8, 0x00000000c1700000| Untracked 
|  24|0x00000000c1800000, 0x00000000c1900000, 0x00000000c1900000|100%| O|  |TAMS 0x00000000c1900000, 0x00000000c1800000| Untracked 
|  25|0x00000000c1900000, 0x00000000c19ffff0, 0x00000000c1a00000| 99%| O|  |TAMS 0x00000000c19ffff0, 0x00000000c1900000| Untracked 
|  26|0x00000000c1a00000, 0x00000000c1affff8, 0x00000000c1b00000| 99%| O|  |TAMS 0x00000000c1affff8, 0x00000000c1a00000| Untracked 
|  27|0x00000000c1b00000, 0x00000000c1bfffd0, 0x00000000c1c00000| 99%| O|  |TAMS 0x00000000c1bfffd0, 0x00000000c1b00000| Untracked 
|  28|0x00000000c1c00000, 0x00000000c1cfffb8, 0x00000000c1d00000| 99%| O|  |TAMS 0x00000000c1cfffb8, 0x00000000c1c00000| Untracked 
|  29|0x00000000c1d00000, 0x00000000c1dff6e0, 0x00000000c1e00000| 99%| O|  |TAMS 0x00000000c1dff6e0, 0x00000000c1d00000| Untracked 
|  30|0x00000000c1e00000, 0x00000000c1effff8, 0x00000000c1f00000| 99%| O|  |TAMS 0x00000000c1effff8, 0x00000000c1e00000| Untracked 
|  31|0x00000000c1f00000, 0x00000000c1ffffe0, 0x00000000c2000000| 99%| O|  |TAMS 0x00000000c1ffffe0, 0x00000000c1f00000| Untracked 
|  32|0x00000000c2000000, 0x00000000c2100000, 0x00000000c2100000|100%| O|  |TAMS 0x00000000c2100000, 0x00000000c2000000| Untracked 
|  33|0x00000000c2100000, 0x00000000c2200000, 0x00000000c2200000|100%| O|  |TAMS 0x00000000c2200000, 0x00000000c2100000| Untracked 
|  34|0x00000000c2200000, 0x00000000c22b1620, 0x00000000c2300000| 69%| O|  |TAMS 0x00000000c2200000, 0x00000000c2200000| Untracked 
|  35|0x00000000c2300000, 0x00000000c2300068, 0x00000000c2400000|  0%| O|  |TAMS 0x00000000c2300000, 0x00000000c2300000| Untracked 
|  36|0x00000000c2400000, 0x00000000c2400000, 0x00000000c2500000|  0%| F|  |TAMS 0x00000000c2400000, 0x00000000c2400000| Untracked 
|  37|0x00000000c2500000, 0x00000000c2500000, 0x00000000c2600000|  0%| F|  |TAMS 0x00000000c2500000, 0x00000000c2500000| Untracked 
|  38|0x00000000c2600000, 0x00000000c2600000, 0x00000000c2700000|  0%| F|  |TAMS 0x00000000c2600000, 0x00000000c2600000| Untracked 
|  39|0x00000000c2700000, 0x00000000c2700000, 0x00000000c2800000|  0%| F|  |TAMS 0x00000000c2700000, 0x00000000c2700000| Untracked 
|  40|0x00000000c2800000, 0x00000000c2800000, 0x00000000c2900000|  0%| F|  |TAMS 0x00000000c2800000, 0x00000000c2800000| Untracked 
|  41|0x00000000c2900000, 0x00000000c2900000, 0x00000000c2a00000|  0%| F|  |TAMS 0x00000000c2900000, 0x00000000c2900000| Untracked 
|  42|0x00000000c2a00000, 0x00000000c2a00000, 0x00000000c2b00000|  0%| F|  |TAMS 0x00000000c2a00000, 0x00000000c2a00000| Untracked 
|  43|0x00000000c2b00000, 0x00000000c2b00000, 0x00000000c2c00000|  0%| F|  |TAMS 0x00000000c2b00000, 0x00000000c2b00000| Untracked 
|  44|0x00000000c2c00000, 0x00000000c2c00000, 0x00000000c2d00000|  0%| F|  |TAMS 0x00000000c2c00000, 0x00000000c2c00000| Untracked 
|  45|0x00000000c2d00000, 0x00000000c2d00000, 0x00000000c2e00000|  0%| F|  |TAMS 0x00000000c2d00000, 0x00000000c2d00000| Untracked 
|  46|0x00000000c2e00000, 0x00000000c2e00000, 0x00000000c2f00000|  0%| F|  |TAMS 0x00000000c2e00000, 0x00000000c2e00000| Untracked 
|  47|0x00000000c2f00000, 0x00000000c2f00000, 0x00000000c3000000|  0%| F|  |TAMS 0x00000000c2f00000, 0x00000000c2f00000| Untracked 
|  48|0x00000000c3000000, 0x00000000c3000000, 0x00000000c3100000|  0%| F|  |TAMS 0x00000000c3000000, 0x00000000c3000000| Untracked 
|  49|0x00000000c3100000, 0x00000000c3100000, 0x00000000c3200000|  0%| F|  |TAMS 0x00000000c3100000, 0x00000000c3100000| Untracked 
|  50|0x00000000c3200000, 0x00000000c3200000, 0x00000000c3300000|  0%| F|  |TAMS 0x00000000c3200000, 0x00000000c3200000| Untracked 
|  51|0x00000000c3300000, 0x00000000c3300000, 0x00000000c3400000|  0%| F|  |TAMS 0x00000000c3300000, 0x00000000c3300000| Untracked 
|  52|0x00000000c3400000, 0x00000000c3400000, 0x00000000c3500000|  0%| F|  |TAMS 0x00000000c3400000, 0x00000000c3400000| Untracked 
|  53|0x00000000c3500000, 0x00000000c3500000, 0x00000000c3600000|  0%| F|  |TAMS 0x00000000c3500000, 0x00000000c3500000| Untracked 
|  54|0x00000000c3600000, 0x00000000c3600000, 0x00000000c3700000|  0%| F|  |TAMS 0x00000000c3600000, 0x00000000c3600000| Untracked 
|  55|0x00000000c3700000, 0x00000000c3700000, 0x00000000c3800000|  0%| F|  |TAMS 0x00000000c3700000, 0x00000000c3700000| Untracked 
|  56|0x00000000c3800000, 0x00000000c3800000, 0x00000000c3900000|  0%| F|  |TAMS 0x00000000c3800000, 0x00000000c3800000| Untracked 
|  57|0x00000000c3900000, 0x00000000c3900000, 0x00000000c3a00000|  0%| F|  |TAMS 0x00000000c3900000, 0x00000000c3900000| Untracked 
|  58|0x00000000c3a00000, 0x00000000c3a00000, 0x00000000c3b00000|  0%| F|  |TAMS 0x00000000c3a00000, 0x00000000c3a00000| Untracked 
|  59|0x00000000c3b00000, 0x00000000c3b00000, 0x00000000c3c00000|  0%| F|  |TAMS 0x00000000c3b00000, 0x00000000c3b00000| Untracked 
|  60|0x00000000c3c00000, 0x00000000c3c00000, 0x00000000c3d00000|  0%| F|  |TAMS 0x00000000c3c00000, 0x00000000c3c00000| Untracked 
|  61|0x00000000c3d00000, 0x00000000c3d00000, 0x00000000c3e00000|  0%| F|  |TAMS 0x00000000c3d00000, 0x00000000c3d00000| Untracked 
|  62|0x00000000c3e00000, 0x00000000c3e00000, 0x00000000c3f00000|  0%| F|  |TAMS 0x00000000c3e00000, 0x00000000c3e00000| Untracked 
|  63|0x00000000c3f00000, 0x00000000c3f00000, 0x00000000c4000000|  0%| F|  |TAMS 0x00000000c3f00000, 0x00000000c3f00000| Untracked 
|  64|0x00000000c4000000, 0x00000000c4000000, 0x00000000c4100000|  0%| F|  |TAMS 0x00000000c4000000, 0x00000000c4000000| Untracked 
|  65|0x00000000c4100000, 0x00000000c4100000, 0x00000000c4200000|  0%| F|  |TAMS 0x00000000c4100000, 0x00000000c4100000| Untracked 
|  66|0x00000000c4200000, 0x00000000c4200000, 0x00000000c4300000|  0%| F|  |TAMS 0x00000000c4200000, 0x00000000c4200000| Untracked 
|  67|0x00000000c4300000, 0x00000000c4300000, 0x00000000c4400000|  0%| F|  |TAMS 0x00000000c4300000, 0x00000000c4300000| Untracked 
|  68|0x00000000c4400000, 0x00000000c4400000, 0x00000000c4500000|  0%| F|  |TAMS 0x00000000c4400000, 0x00000000c4400000| Untracked 
|  69|0x00000000c4500000, 0x00000000c4500000, 0x00000000c4600000|  0%| F|  |TAMS 0x00000000c4500000, 0x00000000c4500000| Untracked 
|  70|0x00000000c4600000, 0x00000000c4600000, 0x00000000c4700000|  0%| F|  |TAMS 0x00000000c4600000, 0x00000000c4600000| Untracked 
|  71|0x00000000c4700000, 0x00000000c4700000, 0x00000000c4800000|  0%| F|  |TAMS 0x00000000c4700000, 0x00000000c4700000| Untracked 
|  72|0x00000000c4800000, 0x00000000c4800000, 0x00000000c4900000|  0%| F|  |TAMS 0x00000000c4800000, 0x00000000c4800000| Untracked 
|  73|0x00000000c4900000, 0x00000000c4900000, 0x00000000c4a00000|  0%| F|  |TAMS 0x00000000c4900000, 0x00000000c4900000| Untracked 
|  74|0x00000000c4a00000, 0x00000000c4a00000, 0x00000000c4b00000|  0%| F|  |TAMS 0x00000000c4a00000, 0x00000000c4a00000| Untracked 
|  75|0x00000000c4b00000, 0x00000000c4b00000, 0x00000000c4c00000|  0%| F|  |TAMS 0x00000000c4b00000, 0x00000000c4b00000| Untracked 
|  76|0x00000000c4c00000, 0x00000000c4c00000, 0x00000000c4d00000|  0%| F|  |TAMS 0x00000000c4c00000, 0x00000000c4c00000| Untracked 
|  77|0x00000000c4d00000, 0x00000000c4d00000, 0x00000000c4e00000|  0%| F|  |TAMS 0x00000000c4d00000, 0x00000000c4d00000| Untracked 
|  78|0x00000000c4e00000, 0x00000000c4e00000, 0x00000000c4f00000|  0%| F|  |TAMS 0x00000000c4e00000, 0x00000000c4e00000| Untracked 
|  79|0x00000000c4f00000, 0x00000000c4f00000, 0x00000000c5000000|  0%| F|  |TAMS 0x00000000c4f00000, 0x00000000c4f00000| Untracked 
|  80|0x00000000c5000000, 0x00000000c5000000, 0x00000000c5100000|  0%| F|  |TAMS 0x00000000c5000000, 0x00000000c5000000| Untracked 
|  81|0x00000000c5100000, 0x00000000c5100000, 0x00000000c5200000|  0%| F|  |TAMS 0x00000000c5100000, 0x00000000c5100000| Untracked 
|  82|0x00000000c5200000, 0x00000000c5200000, 0x00000000c5300000|  0%| F|  |TAMS 0x00000000c5200000, 0x00000000c5200000| Untracked 
|  83|0x00000000c5300000, 0x00000000c5300000, 0x00000000c5400000|  0%| F|  |TAMS 0x00000000c5300000, 0x00000000c5300000| Untracked 
|  84|0x00000000c5400000, 0x00000000c5400000, 0x00000000c5500000|  0%| F|  |TAMS 0x00000000c5400000, 0x00000000c5400000| Untracked 
|  85|0x00000000c5500000, 0x00000000c5500000, 0x00000000c5600000|  0%| F|  |TAMS 0x00000000c5500000, 0x00000000c5500000| Untracked 
|  86|0x00000000c5600000, 0x00000000c5600000, 0x00000000c5700000|  0%| F|  |TAMS 0x00000000c5600000, 0x00000000c5600000| Untracked 
|  87|0x00000000c5700000, 0x00000000c5700000, 0x00000000c5800000|  0%| F|  |TAMS 0x00000000c5700000, 0x00000000c5700000| Untracked 
|  88|0x00000000c5800000, 0x00000000c5800000, 0x00000000c5900000|  0%| F|  |TAMS 0x00000000c5800000, 0x00000000c5800000| Untracked 
|  89|0x00000000c5900000, 0x00000000c5900000, 0x00000000c5a00000|  0%| F|  |TAMS 0x00000000c5900000, 0x00000000c5900000| Untracked 
|  90|0x00000000c5a00000, 0x00000000c5a00000, 0x00000000c5b00000|  0%| F|  |TAMS 0x00000000c5a00000, 0x00000000c5a00000| Untracked 
|  91|0x00000000c5b00000, 0x00000000c5b00000, 0x00000000c5c00000|  0%| F|  |TAMS 0x00000000c5b00000, 0x00000000c5b00000| Untracked 
|  92|0x00000000c5c00000, 0x00000000c5c00000, 0x00000000c5d00000|  0%| F|  |TAMS 0x00000000c5c00000, 0x00000000c5c00000| Untracked 
|  93|0x00000000c5d00000, 0x00000000c5d00000, 0x00000000c5e00000|  0%| F|  |TAMS 0x00000000c5d00000, 0x00000000c5d00000| Untracked 
|  94|0x00000000c5e00000, 0x00000000c5e00000, 0x00000000c5f00000|  0%| F|  |TAMS 0x00000000c5e00000, 0x00000000c5e00000| Untracked 
|  95|0x00000000c5f00000, 0x00000000c5f00000, 0x00000000c6000000|  0%| F|  |TAMS 0x00000000c5f00000, 0x00000000c5f00000| Untracked 
|  96|0x00000000c6000000, 0x00000000c6000000, 0x00000000c6100000|  0%| F|  |TAMS 0x00000000c6000000, 0x00000000c6000000| Untracked 
|  97|0x00000000c6100000, 0x00000000c6100000, 0x00000000c6200000|  0%| F|  |TAMS 0x00000000c6100000, 0x00000000c6100000| Untracked 
|  98|0x00000000c6200000, 0x00000000c6200000, 0x00000000c6300000|  0%| F|  |TAMS 0x00000000c6200000, 0x00000000c6200000| Untracked 
|  99|0x00000000c6300000, 0x00000000c6300000, 0x00000000c6400000|  0%| F|  |TAMS 0x00000000c6300000, 0x00000000c6300000| Untracked 
| 100|0x00000000c6400000, 0x00000000c6400000, 0x00000000c6500000|  0%| F|  |TAMS 0x00000000c6400000, 0x00000000c6400000| Untracked 
| 101|0x00000000c6500000, 0x00000000c6500000, 0x00000000c6600000|  0%| F|  |TAMS 0x00000000c6500000, 0x00000000c6500000| Untracked 
| 102|0x00000000c6600000, 0x00000000c6600000, 0x00000000c6700000|  0%| F|  |TAMS 0x00000000c6600000, 0x00000000c6600000| Untracked 
| 103|0x00000000c6700000, 0x00000000c67058a8, 0x00000000c6800000|  2%| E|  |TAMS 0x00000000c6700000, 0x00000000c6700000| Complete 

Card table byte_map: [0x0000024d7ab50000,0x0000024d7ad50000] _byte_map_base: 0x0000024d7a550000

Marking Bits (Prev, Next): (CMBitMap*) 0x0000024d74f05300, (CMBitMap*) 0x0000024d74f052c0
 Prev Bits: [0x0000024d7bf50000, 0x0000024d7cf50000)
 Next Bits: [0x0000024d7af50000, 0x0000024d7bf50000)

Polling page: 0x0000024d72d70000

Metaspace:

Usage:
  Non-class:     51.44 MB used.
      Class:      7.36 MB used.
       Both:     58.80 MB used.

Virtual space:
  Non-class space:       64.00 MB reserved,      51.69 MB ( 81%) committed,  1 nodes.
      Class space:        1.00 GB reserved,       7.56 MB ( <1%) committed,  1 nodes.
             Both:        1.06 GB reserved,      59.25 MB (  5%) committed. 

Chunk freelists:
   Non-Class:  12.32 MB
       Class:  8.31 MB
        Both:  20.62 MB

MaxMetaspaceSize: unlimited
CompressedClassSpaceSize: 1.00 GB
Initial GC threshold: 21.00 MB
Current GC threshold: 98.75 MB
CDS: off
MetaspaceReclaimPolicy: balanced
 - commit_granule_bytes: 65536.
 - commit_granule_words: 8192.
 - virtual_space_node_default_size: 8388608.
 - enlarge_chunks_in_place: 1.
 - new_chunks_are_fully_committed: 0.
 - uncommit_free_chunks: 1.
 - use_allocation_guard: 0.
 - handle_deallocations: 1.


Internal statistics:

num_allocs_failed_limit: 6.
num_arena_births: 768.
num_arena_deaths: 264.
num_vsnodes_births: 2.
num_vsnodes_deaths: 0.
num_space_committed: 948.
num_space_uncommitted: 0.
num_chunks_returned_to_freelist: 325.
num_chunks_taken_from_freelist: 2753.
num_chunk_merges: 95.
num_chunk_splits: 1824.
num_chunks_enlarged: 1362.
num_inconsistent_stats: 0.

CodeCache: size=49152Kb used=15567Kb max_used=15567Kb free=33584Kb
 bounds [0x0000024d77b50000, 0x0000024d78a90000, 0x0000024d7ab50000]
 total_blobs=9216 nmethods=8539 adapters=603
 compilation: enabled
              stopped_count=0, restarted_count=0
 full_count=0

Compilation events (20 events):
Event: 16410.039 Thread 0x0000024d7f4c0ea0 8534       1       java.lang.StringBuffer::<init> (6 bytes)
Event: 16410.040 Thread 0x0000024d7f4c0ea0 nmethod 8534 0x0000024d78a7f690 code [0x0000024d78a7f820, 0x0000024d78a7f908]
Event: 16411.653 Thread 0x0000024d7f4c0ea0 8535       1       org.eclipse.jdt.internal.compiler.lookup.TypeBinding::getErasureCompatibleType (329 bytes)
Event: 16411.654 Thread 0x0000024d7f4c0ea0 nmethod 8535 0x0000024d78a7f990 code [0x0000024d78a7fca0, 0x0000024d78a80578]
Event: 16411.654 Thread 0x0000024d7f4c0ea0 8536       1       org.eclipse.jdt.internal.compiler.ast.MessageSend::computeConversion (193 bytes)
Event: 16411.655 Thread 0x0000024d7f4c0ea0 nmethod 8536 0x0000024d78a80c90 code [0x0000024d78a80f20, 0x0000024d78a81848]
Event: 16411.662 Thread 0x0000024d7f4c0ea0 8537       1       org.eclipse.jdt.internal.compiler.flow.UnconditionalFlowInfo::isDefinitelyAssigned (38 bytes)
Event: 16411.663 Thread 0x0000024d7f4c0ea0 nmethod 8537 0x0000024d78a81d10 code [0x0000024d78a81ec0, 0x0000024d78a82008]
Event: 16411.663 Thread 0x0000024d7f4c0ea0 8538       1       org.eclipse.jdt.internal.compiler.flow.UnconditionalFlowInfo::isDefinitelyUnknown (164 bytes)
Event: 16411.663 Thread 0x0000024d7f4c0ea0 nmethod 8538 0x0000024d78a82110 code [0x0000024d78a822e0, 0x0000024d78a826d8]
Event: 16411.664 Thread 0x0000024d7f4c0ea0 8539       1       org.eclipse.jdt.internal.compiler.ast.Clinit::isClinit (2 bytes)
Event: 16411.665 Thread 0x0000024d7f4c0ea0 nmethod 8539 0x0000024d78a82910 code [0x0000024d78a82aa0, 0x0000024d78a82b78]
Event: 16411.781 Thread 0x0000024d7f4c0ea0 8540       1       org.eclipse.jdt.internal.compiler.lookup.SourceTypeBinding::getNestHost (5 bytes)
Event: 16411.781 Thread 0x0000024d7f4c0ea0 nmethod 8540 0x0000024d78a82c10 code [0x0000024d78a82da0, 0x0000024d78a82e78]
Event: 16411.781 Thread 0x0000024d7f4c0ea0 8541       1       org.eclipse.jdt.internal.compiler.ast.StringLiteral::generateCode (32 bytes)
Event: 16411.782 Thread 0x0000024d7f4c0ea0 nmethod 8541 0x0000024d78a82f10 code [0x0000024d78a830c0, 0x0000024d78a83228]
Event: 16411.782 Thread 0x0000024d7f4c0ea0 8542       1       org.eclipse.jdt.internal.compiler.ClassFile::add (57 bytes)
Event: 16411.783 Thread 0x0000024d7f4c0ea0 nmethod 8542 0x0000024d78a83390 code [0x0000024d78a83560, 0x0000024d78a83818]
Event: 16411.918 Thread 0x0000024d7f4c0ea0 8543       1       java.security.MessageDigest::digest (10 bytes)
Event: 16411.919 Thread 0x0000024d7f4c0ea0 nmethod 8543 0x0000024d78a83a10 code [0x0000024d78a83bc0, 0x0000024d78a83d18]

GC Heap History (20 events):
Event: 18319.410 GC heap before
{Heap before GC invocations=1581 (full 1530):
 garbage-first heap   total 106496K, used 35522K [0x00000000c0000000, 0x0000000100000000)
  region size 1024K, 1 young (1024K), 0 survivors (0K)
 Metaspace       used 60212K, committed 60672K, reserved 1114112K
  class space    used 7533K, committed 7744K, reserved 1048576K
}
Event: 18319.459 GC heap after
{Heap after GC invocations=1582 (full 1531):
 garbage-first heap   total 106496K, used 35522K [0x00000000c0000000, 0x0000000100000000)
  region size 1024K, 0 young (0K), 0 survivors (0K)
 Metaspace       used 60212K, committed 60672K, reserved 1114112K
  class space    used 7533K, committed 7744K, reserved 1048576K
}
Event: 18331.835 GC heap before
{Heap before GC invocations=1582 (full 1531):
 garbage-first heap   total 106496K, used 35522K [0x00000000c0000000, 0x0000000100000000)
  region size 1024K, 1 young (1024K), 0 survivors (0K)
 Metaspace       used 60212K, committed 60672K, reserved 1114112K
  class space    used 7533K, committed 7744K, reserved 1048576K
}
Event: 18331.894 GC heap after
{Heap after GC invocations=1583 (full 1532):
 garbage-first heap   total 106496K, used 35522K [0x00000000c0000000, 0x0000000100000000)
  region size 1024K, 0 young (0K), 0 survivors (0K)
 Metaspace       used 60212K, committed 60672K, reserved 1114112K
  class space    used 7533K, committed 7744K, reserved 1048576K
}
Event: 18343.739 GC heap before
{Heap before GC invocations=1583 (full 1532):
 garbage-first heap   total 106496K, used 35522K [0x00000000c0000000, 0x0000000100000000)
  region size 1024K, 1 young (1024K), 0 survivors (0K)
 Metaspace       used 60212K, committed 60672K, reserved 1114112K
  class space    used 7533K, committed 7744K, reserved 1048576K
}
Event: 18343.799 GC heap after
{Heap after GC invocations=1584 (full 1533):
 garbage-first heap   total 106496K, used 35522K [0x00000000c0000000, 0x0000000100000000)
  region size 1024K, 0 young (0K), 0 survivors (0K)
 Metaspace       used 60212K, committed 60672K, reserved 1114112K
  class space    used 7533K, committed 7744K, reserved 1048576K
}
Event: 18353.968 GC heap before
{Heap before GC invocations=1584 (full 1533):
 garbage-first heap   total 106496K, used 35522K [0x00000000c0000000, 0x0000000100000000)
  region size 1024K, 1 young (1024K), 0 survivors (0K)
 Metaspace       used 60212K, committed 60672K, reserved 1114112K
  class space    used 7533K, committed 7744K, reserved 1048576K
}
Event: 18354.014 GC heap after
{Heap after GC invocations=1585 (full 1534):
 garbage-first heap   total 106496K, used 35522K [0x00000000c0000000, 0x0000000100000000)
  region size 1024K, 0 young (0K), 0 survivors (0K)
 Metaspace       used 60212K, committed 60672K, reserved 1114112K
  class space    used 7533K, committed 7744K, reserved 1048576K
}
Event: 18364.295 GC heap before
{Heap before GC invocations=1585 (full 1534):
 garbage-first heap   total 106496K, used 35522K [0x00000000c0000000, 0x0000000100000000)
  region size 1024K, 1 young (1024K), 0 survivors (0K)
 Metaspace       used 60212K, committed 60672K, reserved 1114112K
  class space    used 7533K, committed 7744K, reserved 1048576K
}
Event: 18364.352 GC heap after
{Heap after GC invocations=1586 (full 1535):
 garbage-first heap   total 106496K, used 35522K [0x00000000c0000000, 0x0000000100000000)
  region size 1024K, 0 young (0K), 0 survivors (0K)
 Metaspace       used 60212K, committed 60672K, reserved 1114112K
  class space    used 7533K, committed 7744K, reserved 1048576K
}
Event: 18375.476 GC heap before
{Heap before GC invocations=1586 (full 1535):
 garbage-first heap   total 106496K, used 35522K [0x00000000c0000000, 0x0000000100000000)
  region size 1024K, 1 young (1024K), 0 survivors (0K)
 Metaspace       used 60212K, committed 60672K, reserved 1114112K
  class space    used 7533K, committed 7744K, reserved 1048576K
}
Event: 18375.531 GC heap after
{Heap after GC invocations=1587 (full 1536):
 garbage-first heap   total 106496K, used 35522K [0x00000000c0000000, 0x0000000100000000)
  region size 1024K, 0 young (0K), 0 survivors (0K)
 Metaspace       used 60212K, committed 60672K, reserved 1114112K
  class space    used 7533K, committed 7744K, reserved 1048576K
}
Event: 18385.818 GC heap before
{Heap before GC invocations=1587 (full 1536):
 garbage-first heap   total 106496K, used 35522K [0x00000000c0000000, 0x0000000100000000)
  region size 1024K, 1 young (1024K), 0 survivors (0K)
 Metaspace       used 60212K, committed 60672K, reserved 1114112K
  class space    used 7533K, committed 7744K, reserved 1048576K
}
Event: 18385.872 GC heap after
{Heap after GC invocations=1588 (full 1537):
 garbage-first heap   total 106496K, used 35522K [0x00000000c0000000, 0x0000000100000000)
  region size 1024K, 0 young (0K), 0 survivors (0K)
 Metaspace       used 60212K, committed 60672K, reserved 1114112K
  class space    used 7533K, committed 7744K, reserved 1048576K
}
Event: 18396.564 GC heap before
{Heap before GC invocations=1588 (full 1537):
 garbage-first heap   total 106496K, used 35522K [0x00000000c0000000, 0x0000000100000000)
  region size 1024K, 1 young (1024K), 0 survivors (0K)
 Metaspace       used 60212K, committed 60672K, reserved 1114112K
  class space    used 7533K, committed 7744K, reserved 1048576K
}
Event: 18396.623 GC heap after
{Heap after GC invocations=1589 (full 1538):
 garbage-first heap   total 106496K, used 35522K [0x00000000c0000000, 0x0000000100000000)
  region size 1024K, 0 young (0K), 0 survivors (0K)
 Metaspace       used 60212K, committed 60672K, reserved 1114112K
  class space    used 7533K, committed 7744K, reserved 1048576K
}
Event: 18407.814 GC heap before
{Heap before GC invocations=1589 (full 1538):
 garbage-first heap   total 106496K, used 35522K [0x00000000c0000000, 0x0000000100000000)
  region size 1024K, 1 young (1024K), 0 survivors (0K)
 Metaspace       used 60212K, committed 60672K, reserved 1114112K
  class space    used 7533K, committed 7744K, reserved 1048576K
}
Event: 18407.871 GC heap after
{Heap after GC invocations=1590 (full 1539):
 garbage-first heap   total 106496K, used 35522K [0x00000000c0000000, 0x0000000100000000)
  region size 1024K, 0 young (0K), 0 survivors (0K)
 Metaspace       used 60212K, committed 60672K, reserved 1114112K
  class space    used 7533K, committed 7744K, reserved 1048576K
}
Event: 18418.712 GC heap before
{Heap before GC invocations=1590 (full 1539):
 garbage-first heap   total 106496K, used 35522K [0x00000000c0000000, 0x0000000100000000)
  region size 1024K, 1 young (1024K), 0 survivors (0K)
 Metaspace       used 60212K, committed 60672K, reserved 1114112K
  class space    used 7533K, committed 7744K, reserved 1048576K
}
Event: 18418.773 GC heap after
{Heap after GC invocations=1591 (full 1540):
 garbage-first heap   total 106496K, used 35522K [0x00000000c0000000, 0x0000000100000000)
  region size 1024K, 0 young (0K), 0 survivors (0K)
 Metaspace       used 60212K, committed 60672K, reserved 1114112K
  class space    used 7533K, committed 7744K, reserved 1048576K
}

Dll operation events (10 events):
Event: 0.012 Loaded shared library c:\Users\DELL\.vscode\extensions\redhat.java-1.30.0-win32-x64\jre\17.0.10-win32-x86_64\bin\java.dll
Event: 1.978 Loaded shared library C:\Users\DELL\.vscode\extensions\redhat.java-1.30.0-win32-x64\jre\17.0.10-win32-x86_64\bin\net.dll
Event: 1.980 Loaded shared library C:\Users\DELL\.vscode\extensions\redhat.java-1.30.0-win32-x64\jre\17.0.10-win32-x86_64\bin\nio.dll
Event: 2.145 Loaded shared library C:\Users\DELL\.vscode\extensions\redhat.java-1.30.0-win32-x64\jre\17.0.10-win32-x86_64\bin\zip.dll
Event: 3.351 Loaded shared library C:\Users\DELL\.vscode\extensions\redhat.java-1.30.0-win32-x64\jre\17.0.10-win32-x86_64\bin\jimage.dll
Event: 7.071 Loaded shared library c:\Users\DELL\.vscode\extensions\redhat.java-1.30.0-win32-x64\jre\17.0.10-win32-x86_64\bin\verify.dll
Event: 11.783 Loaded shared library C:\Users\DELL\.vscode\extensions\redhat.java-1.30.0-win32-x64\jre\17.0.10-win32-x86_64\bin\management.dll
Event: 11.787 Loaded shared library C:\Users\DELL\.vscode\extensions\redhat.java-1.30.0-win32-x64\jre\17.0.10-win32-x86_64\bin\management_ext.dll
Event: 13.287 Loaded shared library C:\Users\DELL\.vscode\extensions\redhat.java-1.30.0-win32-x64\jre\17.0.10-win32-x86_64\bin\sunmscapi.dll
Event: 13.808 Loaded shared library C:\Users\DELL\.vscode\extensions\redhat.java-1.30.0-win32-x64\jre\17.0.10-win32-x86_64\bin\extnet.dll

Deoptimization events (16 events):
Event: 12.355 Thread 0x0000024d0527e570 DEOPT PACKING pc=0x0000024d78089f01 sp=0x00000086b93fda30
Event: 12.355 Thread 0x0000024d0527e570 DEOPT UNPACKING pc=0x0000024d77baace3 sp=0x00000086b93fcec0 mode 3
Event: 12.369 Thread 0x0000024d04e7d180 DEOPT PACKING pc=0x0000024d78070017 sp=0x00000086b98fef50
Event: 12.369 Thread 0x0000024d04e7d180 DEOPT UNPACKING pc=0x0000024d77baace3 sp=0x00000086b98fe3a8 mode 3
Event: 13.449 Thread 0x0000024d04e7e5c0 DEOPT PACKING pc=0x0000024d77dcaa8c sp=0x00000086b9efa950
Event: 13.449 Thread 0x0000024d04e7e5c0 DEOPT UNPACKING pc=0x0000024d77baace3 sp=0x00000086b9ef9e18 mode 0
Event: 15.243 Thread 0x0000024d04e7dba0 DEOPT PACKING pc=0x0000024d78615a0c sp=0x00000086b9cfe740
Event: 15.243 Thread 0x0000024d04e7dba0 DEOPT UNPACKING pc=0x0000024d77baace3 sp=0x00000086b9cfdcc0 mode 0
Event: 15.243 Thread 0x0000024d04e7dba0 DEOPT PACKING pc=0x0000024d78615a0c sp=0x00000086b9cfe9a0
Event: 15.243 Thread 0x0000024d04e7dba0 DEOPT UNPACKING pc=0x0000024d77baace3 sp=0x00000086b9cfdf20 mode 0
Event: 15.251 Thread 0x0000024d04e7dba0 DEOPT PACKING pc=0x0000024d78615a0c sp=0x00000086b9cfedf0
Event: 15.251 Thread 0x0000024d04e7dba0 DEOPT UNPACKING pc=0x0000024d77baace3 sp=0x00000086b9cfe370 mode 0
Event: 16.172 Thread 0x0000024d04e7e5c0 DEOPT PACKING pc=0x0000024d782324a4 sp=0x00000086b9efed90
Event: 16.172 Thread 0x0000024d04e7e5c0 DEOPT UNPACKING pc=0x0000024d77baace3 sp=0x00000086b9efe278 mode 0
Event: 228.849 Thread 0x0000024d0527e570 DEOPT PACKING pc=0x0000024d7815f4d4 sp=0x00000086b93fed00
Event: 228.849 Thread 0x0000024d0527e570 DEOPT UNPACKING pc=0x0000024d77baace3 sp=0x00000086b93fe188 mode 0

Classes unloaded (20 events):
Event: 202.237 Thread 0x0000024d7f4613a0 Unloading class 0x00000001000c9c00 'java/lang/invoke/LambdaForm$MH+0x00000001000c9c00'
Event: 202.237 Thread 0x0000024d7f4613a0 Unloading class 0x00000001000c9800 'java/lang/invoke/LambdaForm$MH+0x00000001000c9800'
Event: 202.237 Thread 0x0000024d7f4613a0 Unloading class 0x00000001000c9400 'java/lang/invoke/LambdaForm$MH+0x00000001000c9400'
Event: 202.237 Thread 0x0000024d7f4613a0 Unloading class 0x00000001000c8c00 'java/lang/invoke/LambdaForm$MH+0x00000001000c8c00'
Event: 202.237 Thread 0x0000024d7f4613a0 Unloading class 0x00000001000c8400 'java/lang/invoke/LambdaForm$MH+0x00000001000c8400'
Event: 333.041 Thread 0x0000024d7f4613a0 Unloading class 0x0000000100518800 'java/lang/invoke/LambdaForm$MH+0x0000000100518800'
Event: 333.041 Thread 0x0000024d7f4613a0 Unloading class 0x000000010054c000 'java/lang/invoke/LambdaForm$MH+0x000000010054c000'
Event: 333.041 Thread 0x0000024d7f4613a0 Unloading class 0x000000010055d000 'java/lang/invoke/LambdaForm$MH+0x000000010055d000'
Event: 333.041 Thread 0x0000024d7f4613a0 Unloading class 0x000000010055d800 'java/lang/invoke/LambdaForm$MH+0x000000010055d800'
Event: 333.041 Thread 0x0000024d7f4613a0 Unloading class 0x00000001005bb400 'java/lang/invoke/LambdaForm$MH+0x00000001005bb400'
Event: 333.041 Thread 0x0000024d7f4613a0 Unloading class 0x00000001005c0c00 'java/lang/invoke/LambdaForm$MH+0x00000001005c0c00'
Event: 5975.819 Thread 0x0000024d7f4613a0 Unloading class 0x000000010055d000 'java/lang/invoke/LambdaForm$MH+0x000000010055d000'
Event: 5975.820 Thread 0x0000024d7f4613a0 Unloading class 0x000000010054c000 'java/lang/invoke/LambdaForm$MH+0x000000010054c000'
Event: 5975.820 Thread 0x0000024d7f4613a0 Unloading class 0x0000000100518800 'java/lang/invoke/LambdaForm$MH+0x0000000100518800'
Event: 7098.136 Thread 0x0000024d7f4613a0 Unloading class 0x00000001005c0c00 'java/lang/invoke/LambdaForm$MH+0x00000001005c0c00'
Event: 7098.136 Thread 0x0000024d7f4613a0 Unloading class 0x0000000100518800 'java/lang/invoke/LambdaForm$MH+0x0000000100518800'
Event: 7098.136 Thread 0x0000024d7f4613a0 Unloading class 0x000000010054c000 'java/lang/invoke/LambdaForm$MH+0x000000010054c000'
Event: 7098.136 Thread 0x0000024d7f4613a0 Unloading class 0x000000010055d000 'java/lang/invoke/LambdaForm$MH+0x000000010055d000'
Event: 7178.338 Thread 0x0000024d7f4613a0 Unloading class 0x00000001005c0c00 'jdk/internal/reflect/GeneratedConstructorAccessor55'
Event: 10739.206 Thread 0x0000024d7f4613a0 Unloading class 0x0000000100324400 'jdk/internal/reflect/GeneratedConstructorAccessor64'

Classes redefined (0 events):
No events

Internal exceptions (20 events):
Event: 10776.244 Thread 0x0000024d04e7dba0 Exception <a 'sun/nio/fs/WindowsException'{0x00000000c635a1a8}> (0x00000000c635a1a8) 
thrown [s\src\hotspot\share\prims\jni.cpp, line 516]
Event: 10776.244 Thread 0x0000024d04e7dba0 Exception <a 'sun/nio/fs/WindowsException'{0x00000000c635ad50}> (0x00000000c635ad50) 
thrown [s\src\hotspot\share\prims\jni.cpp, line 516]
Event: 11003.244 Thread 0x0000024d04e7dba0 Exception <a 'sun/nio/fs/WindowsException'{0x00000000c64c4030}> (0x00000000c64c4030) 
thrown [s\src\hotspot\share\prims\jni.cpp, line 516]
Event: 11003.244 Thread 0x0000024d04e7dba0 Exception <a 'sun/nio/fs/WindowsException'{0x00000000c64c4a70}> (0x00000000c64c4a70) 
thrown [s\src\hotspot\share\prims\jni.cpp, line 516]
Event: 11003.244 Thread 0x0000024d04e7dba0 Exception <a 'sun/nio/fs/WindowsException'{0x00000000c64c5498}> (0x00000000c64c5498) 
thrown [s\src\hotspot\share\prims\jni.cpp, line 516]
Event: 11003.245 Thread 0x0000024d04e7dba0 Exception <a 'sun/nio/fs/WindowsException'{0x00000000c64c5ed8}> (0x00000000c64c5ed8) 
thrown [s\src\hotspot\share\prims\jni.cpp, line 516]
Event: 11003.245 Thread 0x0000024d04e7dba0 Exception <a 'sun/nio/fs/WindowsException'{0x00000000c64c69f8}> (0x00000000c64c69f8) 
thrown [s\src\hotspot\share\prims\jni.cpp, line 516]
Event: 11003.245 Thread 0x0000024d04e7dba0 Exception <a 'sun/nio/fs/WindowsException'{0x00000000c64c75a0}> (0x00000000c64c75a0) 
thrown [s\src\hotspot\share\prims\jni.cpp, line 516]
Event: 11071.635 Thread 0x0000024d04e7dba0 Exception <a 'sun/nio/fs/WindowsException'{0x00000000c5bedef8}> (0x00000000c5bedef8) 
thrown [s\src\hotspot\share\prims\jni.cpp, line 516]
Event: 11071.635 Thread 0x0000024d04e7dba0 Exception <a 'sun/nio/fs/WindowsException'{0x00000000c5bee938}> (0x00000000c5bee938) 
thrown [s\src\hotspot\share\prims\jni.cpp, line 516]
Event: 11071.635 Thread 0x0000024d04e7dba0 Exception <a 'sun/nio/fs/WindowsException'{0x00000000c5bef360}> (0x00000000c5bef360) 
thrown [s\src\hotspot\share\prims\jni.cpp, line 516]
Event: 11071.635 Thread 0x0000024d04e7dba0 Exception <a 'sun/nio/fs/WindowsException'{0x00000000c5befda0}> (0x00000000c5befda0) 
thrown [s\src\hotspot\share\prims\jni.cpp, line 516]
Event: 11071.635 Thread 0x0000024d04e7dba0 Exception <a 'sun/nio/fs/WindowsException'{0x00000000c5bf08c0}> (0x00000000c5bf08c0) 
thrown [s\src\hotspot\share\prims\jni.cpp, line 516]
Event: 11071.635 Thread 0x0000024d04e7dba0 Exception <a 'sun/nio/fs/WindowsException'{0x00000000c5bf1468}> (0x00000000c5bf1468) 
thrown [s\src\hotspot\share\prims\jni.cpp, line 516]
Event: 11214.054 Thread 0x0000024d04e7dba0 Exception <a 'sun/nio/fs/WindowsException'{0x00000000c5e29398}> (0x00000000c5e29398) 
thrown [s\src\hotspot\share\prims\jni.cpp, line 516]
Event: 11214.054 Thread 0x0000024d04e7dba0 Exception <a 'sun/nio/fs/WindowsException'{0x00000000c5e29dd8}> (0x00000000c5e29dd8) 
thrown [s\src\hotspot\share\prims\jni.cpp, line 516]
Event: 11214.054 Thread 0x0000024d04e7dba0 Exception <a 'sun/nio/fs/WindowsException'{0x00000000c5e2a800}> (0x00000000c5e2a800) 
thrown [s\src\hotspot\share\prims\jni.cpp, line 516]
Event: 11214.054 Thread 0x0000024d04e7dba0 Exception <a 'sun/nio/fs/WindowsException'{0x00000000c5e2b240}> (0x00000000c5e2b240) 
thrown [s\src\hotspot\share\prims\jni.cpp, line 516]
Event: 11214.054 Thread 0x0000024d04e7dba0 Exception <a 'sun/nio/fs/WindowsException'{0x00000000c5e2bd60}> (0x00000000c5e2bd60) 
thrown [s\src\hotspot\share\prims\jni.cpp, line 516]
Event: 11214.054 Thread 0x0000024d04e7dba0 Exception <a 'sun/nio/fs/WindowsException'{0x00000000c5e2c908}> (0x00000000c5e2c908) 
thrown [s\src\hotspot\share\prims\jni.cpp, line 516]

VM Operations (20 events):
Event: 18319.459 Executing VM operation: G1CollectFull done
Event: 18331.835 Executing VM operation: G1CollectFull
Event: 18331.894 Executing VM operation: G1CollectFull done
Event: 18343.739 Executing VM operation: G1CollectFull
Event: 18343.799 Executing VM operation: G1CollectFull done
Event: 18353.968 Executing VM operation: G1CollectFull
Event: 18354.014 Executing VM operation: G1CollectFull done
Event: 18364.295 Executing VM operation: G1CollectFull
Event: 18364.352 Executing VM operation: G1CollectFull done
Event: 18375.476 Executing VM operation: G1CollectFull
Event: 18375.531 Executing VM operation: G1CollectFull done
Event: 18385.818 Executing VM operation: G1CollectFull
Event: 18385.872 Executing VM operation: G1CollectFull done
Event: 18396.564 Executing VM operation: G1CollectFull
Event: 18396.623 Executing VM operation: G1CollectFull done
Event: 18407.814 Executing VM operation: G1CollectFull
Event: 18407.871 Executing VM operation: G1CollectFull done
Event: 18418.712 Executing VM operation: G1CollectFull
Event: 18418.773 Executing VM operation: G1CollectFull done
Event: 18429.614 Executing VM operation: G1CollectFull

Events (20 events):
Event: 15235.951 Thread 0x0000024d05898590 Thread exited: 0x0000024d05898590
Event: 15237.521 Thread 0x0000024d05897660 Thread exited: 0x0000024d05897660
Event: 15237.687 Thread 0x0000024d05897b70 Thread exited: 0x0000024d05897b70
Event: 15248.568 Thread 0x0000024d05893eb0 Thread exited: 0x0000024d05893eb0
Event: 15330.564 Thread 0x0000024d05898aa0 Thread added: 0x0000024d05898aa0
Event: 15391.601 Thread 0x0000024d05898aa0 Thread exited: 0x0000024d05898aa0
Event: 15490.425 Thread 0x0000024d05896220 Thread added: 0x0000024d05896220
Event: 15550.495 Thread 0x0000024d05896220 Thread exited: 0x0000024d05896220
Event: 15860.804 Thread 0x0000024d05896220 Thread added: 0x0000024d05896220
Event: 15920.828 Thread 0x0000024d05896220 Thread exited: 0x0000024d05896220
Event: 16370.004 Thread 0x0000024d05897660 Thread added: 0x0000024d05897660
Event: 16370.005 Thread 0x0000024d05892560 Thread added: 0x0000024d05892560
Event: 16370.305 Thread 0x0000024d05897b70 Thread added: 0x0000024d05897b70
Event: 16376.213 Thread 0x0000024d05898aa0 Thread added: 0x0000024d05898aa0
Event: 16385.121 Thread 0x0000024d05898080 Thread added: 0x0000024d05898080
Event: 16469.767 Thread 0x0000024d05898080 Thread exited: 0x0000024d05898080
Event: 16470.045 Thread 0x0000024d05892560 Thread exited: 0x0000024d05892560
Event: 16471.643 Thread 0x0000024d05897b70 Thread exited: 0x0000024d05897b70
Event: 16472.309 Thread 0x0000024d05898aa0 Thread exited: 0x0000024d05898aa0
Event: 16472.523 Thread 0x0000024d05897660 Thread exited: 0x0000024d05897660


Dynamic libraries:
0x00007ff7b4f00000 - 0x00007ff7b4f0e000 	c:\Users\DELL\.vscode\extensions\redhat.java-1.30.0-win32-x64\jre\17.0.10-win32-x86_64\bin\java.exe
0x00007ffb940b0000 - 0x00007ffb942c7000 	C:\WINDOWS\SYSTEM32\ntdll.dll
0x00007ffb92d20000 - 0x00007ffb92de4000 	C:\WINDOWS\System32\KERNEL32.DLL
0x00007ffb91720000 - 0x00007ffb91ac7000 	C:\WINDOWS\System32\KERNELBASE.dll
0x00007ffb91ad0000 - 0x00007ffb91be1000 	C:\WINDOWS\System32\ucrtbase.dll
0x00007ffb77320000 - 0x00007ffb7733b000 	c:\Users\DELL\.vscode\extensions\redhat.java-1.30.0-win32-x64\jre\17.0.10-win32-x86_64\bin\VCRUNTIME140.dll
0x00007ffb774c0000 - 0x00007ffb774d7000 	c:\Users\DELL\.vscode\extensions\redhat.java-1.30.0-win32-x64\jre\17.0.10-win32-x86_64\bin\jli.dll
0x00007ffb93b60000 - 0x00007ffb93d0e000 	C:\WINDOWS\System32\USER32.dll
0x00007ffb91db0000 - 0x00007ffb91dd6000 	C:\WINDOWS\System32\win32u.dll
0x00007ffb77080000 - 0x00007ffb77313000 	C:\WINDOWS\WinSxS\amd64_microsoft.windows.common-controls_6595b64144ccf1df_6.0.22621.3527_none_270e469b73872a76\COMCTL32.dll
0x00007ffb91f30000 - 0x00007ffb91f59000 	C:\WINDOWS\System32\GDI32.dll
0x00007ffb91fc0000 - 0x00007ffb92067000 	C:\WINDOWS\System32\msvcrt.dll
0x00007ffb91c20000 - 0x00007ffb91d39000 	C:\WINDOWS\System32\gdi32full.dll
0x00007ffb913d0000 - 0x00007ffb9146a000 	C:\WINDOWS\System32\msvcp_win.dll
0x00007ffb93140000 - 0x00007ffb93171000 	C:\WINDOWS\System32\IMM32.DLL
0x00007ffb8b020000 - 0x00007ffb8b02c000 	c:\Users\DELL\.vscode\extensions\redhat.java-1.30.0-win32-x64\jre\17.0.10-win32-x86_64\bin\vcruntime140_1.dll
0x00007ffb66f40000 - 0x00007ffb66fcd000 	c:\Users\DELL\.vscode\extensions\redhat.java-1.30.0-win32-x64\jre\17.0.10-win32-x86_64\bin\msvcp140.dll
0x00007ffb3b8d0000 - 0x00007ffb3c532000 	c:\Users\DELL\.vscode\extensions\redhat.java-1.30.0-win32-x64\jre\17.0.10-win32-x86_64\bin\server\jvm.dll
0x00007ffb92070000 - 0x00007ffb92122000 	C:\WINDOWS\System32\ADVAPI32.dll
0x00007ffb93190000 - 0x00007ffb93238000 	C:\WINDOWS\System32\sechost.dll
0x00007ffb91bf0000 - 0x00007ffb91c18000 	C:\WINDOWS\System32\bcrypt.dll
0x00007ffb92df0000 - 0x00007ffb92f05000 	C:\WINDOWS\System32\RPCRT4.dll
0x00007ffb90210000 - 0x00007ffb9025d000 	C:\WINDOWS\SYSTEM32\POWRPROF.dll
0x00007ffb7de60000 - 0x00007ffb7de69000 	C:\WINDOWS\SYSTEM32\WSOCK32.dll
0x00007ffb89b60000 - 0x00007ffb89b94000 	C:\WINDOWS\SYSTEM32\WINMM.dll
0x00007ffb8a640000 - 0x00007ffb8a64a000 	C:\WINDOWS\SYSTEM32\VERSION.dll
0x00007ffb93ae0000 - 0x00007ffb93b51000 	C:\WINDOWS\System32\WS2_32.dll
0x00007ffb901f0000 - 0x00007ffb90203000 	C:\WINDOWS\SYSTEM32\UMPDC.dll
0x00007ffb904a0000 - 0x00007ffb904b8000 	C:\WINDOWS\SYSTEM32\kernel.appcore.dll
0x00007ffb89eb0000 - 0x00007ffb89eba000 	c:\Users\DELL\.vscode\extensions\redhat.java-1.30.0-win32-x64\jre\17.0.10-win32-x86_64\bin\jimage.dll
0x00007ffb8ebf0000 - 0x00007ffb8ee22000 	C:\WINDOWS\SYSTEM32\DBGHELP.DLL
0x00007ffb932b0000 - 0x00007ffb93638000 	C:\WINDOWS\System32\combase.dll
0x00007ffb91de0000 - 0x00007ffb91eb7000 	C:\WINDOWS\System32\OLEAUT32.dll
0x00007ffb7ae70000 - 0x00007ffb7aea2000 	C:\WINDOWS\SYSTEM32\dbgcore.DLL
0x00007ffb916a0000 - 0x00007ffb91719000 	C:\WINDOWS\System32\bcryptPrimitives.dll
0x00007ffb6dc20000 - 0x00007ffb6dc45000 	c:\Users\DELL\.vscode\extensions\redhat.java-1.30.0-win32-x64\jre\17.0.10-win32-x86_64\bin\java.dll
0x00007ffb6cb00000 - 0x00007ffb6cb18000 	c:\Users\DELL\.vscode\extensions\redhat.java-1.30.0-win32-x64\jre\17.0.10-win32-x86_64\bin\zip.dll
0x00007ffb924c0000 - 0x00007ffb92d1c000 	C:\WINDOWS\System32\SHELL32.dll
0x00007ffb8f2c0000 - 0x00007ffb8fbb6000 	C:\WINDOWS\SYSTEM32\windows.storage.dll
0x00007ffb8f180000 - 0x00007ffb8f2be000 	C:\WINDOWS\SYSTEM32\wintypes.dll
0x00007ffb93e10000 - 0x00007ffb93f05000 	C:\WINDOWS\System32\SHCORE.dll
0x00007ffb91ed0000 - 0x00007ffb91f2e000 	C:\WINDOWS\System32\shlwapi.dll
0x00007ffb91300000 - 0x00007ffb91321000 	C:\WINDOWS\SYSTEM32\profapi.dll
0x00007ffb6c8a0000 - 0x00007ffb6c8b9000 	C:\Users\DELL\.vscode\extensions\redhat.java-1.30.0-win32-x64\jre\17.0.10-win32-x86_64\bin\net.dll
0x00007ffb898d0000 - 0x00007ffb89a06000 	C:\WINDOWS\SYSTEM32\WINHTTP.dll
0x00007ffb90900000 - 0x00007ffb90969000 	C:\WINDOWS\system32\mswsock.dll
0x00007ffb69ae0000 - 0x00007ffb69af6000 	C:\Users\DELL\.vscode\extensions\redhat.java-1.30.0-win32-x64\jre\17.0.10-win32-x86_64\bin\nio.dll
0x00007ffb8b520000 - 0x00007ffb8b530000 	c:\Users\DELL\.vscode\extensions\redhat.java-1.30.0-win32-x64\jre\17.0.10-win32-x86_64\bin\verify.dll
0x00007ffb90ba0000 - 0x00007ffb90bbb000 	C:\WINDOWS\SYSTEM32\CRYPTSP.dll
0x00007ffb90400000 - 0x00007ffb90435000 	C:\WINDOWS\system32\rsaenh.dll
0x00007ffb909a0000 - 0x00007ffb909c8000 	C:\WINDOWS\SYSTEM32\USERENV.dll
0x00007ffb90b00000 - 0x00007ffb90b0c000 	C:\WINDOWS\SYSTEM32\CRYPTBASE.dll
0x00007ffb8fe20000 - 0x00007ffb8fe4d000 	C:\WINDOWS\SYSTEM32\IPHLPAPI.DLL
0x00007ffb93650000 - 0x00007ffb93659000 	C:\WINDOWS\System32\NSI.dll
0x00007ffb89fb0000 - 0x00007ffb89fc9000 	C:\WINDOWS\SYSTEM32\dhcpcsvc6.DLL
0x00007ffb891b0000 - 0x00007ffb891cf000 	C:\WINDOWS\SYSTEM32\dhcpcsvc.DLL
0x00007ffb8ff00000 - 0x00007ffb8fff8000 	C:\WINDOWS\SYSTEM32\DNSAPI.dll
0x00007ffb8b3e0000 - 0x00007ffb8b3e9000 	C:\Users\DELL\.vscode\extensions\redhat.java-1.30.0-win32-x64\jre\17.0.10-win32-x86_64\bin\management.dll
0x00007ffb8b040000 - 0x00007ffb8b04b000 	C:\Users\DELL\.vscode\extensions\redhat.java-1.30.0-win32-x64\jre\17.0.10-win32-x86_64\bin\management_ext.dll
0x00007ffb93180000 - 0x00007ffb93188000 	C:\WINDOWS\System32\PSAPI.DLL
0x00007ffb8e180000 - 0x00007ffb8e18e000 	C:\Users\DELL\.vscode\extensions\redhat.java-1.30.0-win32-x64\jre\17.0.10-win32-x86_64\bin\sunmscapi.dll
0x00007ffb91530000 - 0x00007ffb91698000 	C:\WINDOWS\System32\CRYPT32.dll
0x00007ffb90d50000 - 0x00007ffb90d7e000 	C:\WINDOWS\SYSTEM32\ncrypt.dll
0x00007ffb90cd0000 - 0x00007ffb90d07000 	C:\WINDOWS\SYSTEM32\NTASN1.dll
0x00007ffb8a050000 - 0x00007ffb8a05a000 	C:\Windows\System32\rasadhlp.dll
0x00007ffb88500000 - 0x00007ffb88583000 	C:\WINDOWS\System32\fwpuclnt.dll
0x00007ffb8b0a0000 - 0x00007ffb8b0a9000 	C:\Users\DELL\.vscode\extensions\redhat.java-1.30.0-win32-x64\jre\17.0.10-win32-x86_64\bin\extnet.dll

dbghelp: loaded successfully - version: 4.0.5 - missing functions: none
symbol engine: initialized successfully - sym options: 0x614 - pdb path: .;c:\Users\DELL\.vscode\extensions\redhat.java-1.30.0-win32-x64\jre\17.0.10-win32-x86_64\bin;C:\WINDOWS\SYSTEM32;C:\WINDOWS\WinSxS\amd64_microsoft.windows.common-controls_6595b64144ccf1df_6.0.22621.3527_none_270e469b73872a76;c:\Users\DELL\.vscode\extensions\redhat.java-1.30.0-win32-x64\jre\17.0.10-win32-x86_64\bin\server

VM Arguments:
jvm_args: -Xmx1024m -Dsts.lsp.client=vscode -Dsts.log.file=/dev/null -XX:TieredStopAtLevel=1 -Xlog:jni+resolve=off -Dspring.config.location=file:c:\Users\DELL\.vscode\extensions\vmware.vscode-spring-boot-1.54.0\language-server\BOOT-INF\classes\application.properties 
java_command: org.springframework.ide.vscode.boot.app.BootLanguageServerBootApp
java_class_path (initial): c:\Users\DELL\.vscode\extensions\vmware.vscode-spring-boot-1.54.0\language-server\BOOT-INF\classes;c:\Users\DELL\.vscode\extensions\vmware.vscode-spring-boot-1.54.0\language-server\BOOT-INF\lib\annotations-24.1.0.jar;c:\Users\DELL\.vscode\extensions\vmware.vscode-spring-boot-1.54.0\language-server\BOOT-INF\lib\antlr4-runtime-4.13.1.jar;c:\Users\DELL\.vscode\extensions\vmware.vscode-spring-boot-1.54.0\language-server\BOOT-INF\lib\asm-9.7.jar;c:\Users\DELL\.vscode\extensions\vmware.vscode-spring-boot-1.54.0\language-server\BOOT-INF\lib\asm-analysis-9.7.jar;c:\Users\DELL\.vscode\extensions\vmware.vscode-spring-boot-1.54.0\language-server\BOOT-INF\lib\asm-tree-9.7.jar;c:\Users\DELL\.vscode\extensions\vmware.vscode-spring-boot-1.54.0\language-server\BOOT-INF\lib\asm-util-9.7.jar;c:\Users\DELL\.vscode\extensions\vmware.vscode-spring-boot-1.54.0\language-server\BOOT-INF\lib\caffeine-3.1.8.jar;c:\Users\DELL\.vscode\extensions\vmware.vscode-spring-boot-1.54.0\language-server\BOOT-INF\lib\checker-qual-3.12.0.jar;c:\Users\DELL\.vscode\extensions\vmware.vscode-spring-boot-1.54.0\language-server\BOOT-INF\lib\classgraph-4.8.149.jar;c:\Users\DELL\.vscode\extensions\vmware.vscode-spring-boot-1.54.0\language-server\BOOT-INF\lib\commons-codec-1.16.1.jar;c:\Users\DELL\.vscode\extensions\vmware.vscode-spring-boot-1.54.0\language-server\BOOT-INF\lib\commons-compress-1.26.1.jar;c:\Users\DELL\.vscode\extensions\vmware.vscode-spring-boot-1.54.0\language-server\BOOT-INF\lib\commons-io-2.4.jar;c:\Users\DELL\.vscode\extensions\vmware.vscode-spring-boot-1.54.0\language-server\BOOT-INF\lib\commons-java-1.54.0-SNAPSHOT.jar;c:\Users\DELL\.vscode\extensions\vmware.vscode-spring-boot-1.54.0\language-server\BOOT-INF\lib\commons-lang3-3.13.0.jar;c:\Users\DELL\.vscode\extensions\vmware.vscode-spring-boot-1.54.0\language-server\BOOT-INF\lib\commons-language-server-1.54.0-SNAPSHOT.jar;c:\Users\DELL\.vscode\extensions\vmware.vscode-spring-boot-1.54.0\language-server\BOOT-INF\
Launcher Type: SUN_STANDARD

[Global flags]
     intx CICompilerCount                          = 3                                         {product} {ergonomic}
     uint ConcGCThreads                            = 1                                         {product} {ergonomic}
     uint G1ConcRefinementThreads                  = 4                                         {product} {ergonomic}
   size_t G1HeapRegionSize                         = 1048576                                   {product} {ergonomic}
    uintx GCDrainStackTargetSize                   = 64                                        {product} {ergonomic}
   size_t InitialHeapSize                          = 199229440                                 {product} {ergonomic}
   size_t MarkStackSize                            = 4194304                                   {product} {ergonomic}
   size_t MaxHeapSize                              = 1073741824                                {product} {command line}
   size_t MaxNewSize                               = 643825664                                 {product} {ergonomic}
   size_t MinHeapDeltaBytes                        = 1048576                                   {product} {ergonomic}
   size_t MinHeapSize                              = 8388608                                   {product} {ergonomic}
    uintx NonProfiledCodeHeapSize                  = 0                                      {pd product} {ergonomic}
     bool ProfileInterpreter                       = false                                  {pd product} {command line}
    uintx ProfiledCodeHeapSize                     = 0                                      {pd product} {ergonomic}
   size_t SoftMaxHeapSize                          = 1073741824                             {manageable} {ergonomic}
     intx TieredStopAtLevel                        = 1                                         {product} {command line}
     bool UseCompressedClassPointers               = true                           {product lp64_product} {ergonomic}
     bool UseCompressedOops                        = true                           {product lp64_product} {ergonomic}
     bool UseG1GC                                  = true                                      {product} {ergonomic}
     bool UseLargePagesIndividualAllocation        = false                                  {pd product} {ergonomic}

Logging:
Log output configuration:
 #0: stdout all=warning,jni+resolve=off uptime,level,tags
 #1: stderr all=off uptime,level,tags

Environment Variables:
JAVA_HOME=C:\Program Files\Java\jdk-17
CLASSPATH=C:\Program Files\Java\jdk-15.0.1\lib\*.jar
PATH=C:\Program Files\Java\jdk-17\bin;C:\Program Files\Microsoft\jdk-11.0.18.10-hotspot\bin;C:\WINDOWS\system32;C:\WINDOWS;C:\WINDOWS\System32\Wbem;C:\WINDOWS\System32\WindowsPowerShell\v1.0\;C:\WINDOWS\System32\OpenSSH\;C:\Program Files\Java\jdk-15.0.1\bin;C:\MinGW\bin;C:\Users\DELL\Downloads\Programs\opencv\build\x64\vc15\bin;C:\ProgramData\chocolatey\bin;C:\Program Files\MySQL\MySQL Server 8.0\bin;C:\Program Files\apache-maven-3.9.3\bin;C:\Program Files\Git\cmd;C:\Users\DELL\AppData\Roaming\nvm;C:\Program Files\nodejs\node.exe;C:\Program Files\nodejs;C:\Program Files\PuTTY\;C:\Program Files\Docker\Docker\resources\bin;C:\Program Files\MySQL\MySQL Shell 8.0\bin\;C:\Users\DELL\AppData\Local\Programs\Python\Python310\Scripts\;C:\Users\DELL\AppData\Local\Programs\Python\Python310\;C:\Users\DELL\AppData\Local\Microsoft\WindowsApps;C:\Program Files\Java\jdk-15.0.1\bin;C:\Program Files\JetBrains\IntelliJ IDEA Community Edition 2021.1.3\bin;;C:\Users\DELL\AppData\Local\Programs\Microsoft VS Code\bin;C:\Users\DELL\AppData\Local\Programs\Python\Python39\Scripts;C:\Users\DELL\AppData\Local\Programs\Python\Python39;C:\Program Files\heroku\bin;C:\Program Files\MongoDB\Server\5.0\bin;C:\Program Files\JetBrains\PyCharm Community Edition 2021.2.2\bin;;C:\Program Files (x86)\BrowserStackLocal\;C:\Users\DELL\AppData\Local\Android\Sdk\platform-tools;
USERNAME=DELL
OS=Windows_NT
PROCESSOR_IDENTIFIER=Intel64 Family 6 Model 126 Stepping 5, GenuineIntel
TMP=C:\Users\DELL\AppData\Local\Temp
TEMP=C:\Users\DELL\AppData\Local\Temp



Periodic native trim disabled


---------------  S Y S T E M  ---------------

OS:
 Windows 11 , 64 bit Build 22621 (10.0.22621.3527)
OS uptime: 0 days 7:22 hours
Hyper-V role detected

CPU: total 4 (initial active 4) (2 cores per cpu, 2 threads per core) family 6 model 126 stepping 5 microcode 0xc2, cx8, cmov, fxsr, ht, mmx, 3dnowpref, sse, sse2, sse3, ssse3, sse4.1, sse4.2, popcnt, lzcnt, tsc, tscinvbit, avx, avx2, aes, erms, clmul, bmi1, bmi2, adx, avx512f, avx512dq, avx512cd, avx512bw, avx512vl, sha, fma, vzeroupper, avx512_vpopcntdq, avx512_vpclmulqdq, avx512_vaes, avx512_vnni, clflush, clflushopt, avx512_vbmi2, avx512_vbmi, hv
Processor Information for all 4 processors :
  Max Mhz: 1190, Current Mhz: 1190, Mhz Limit: 1190

Memory: 4k page, system-wide physical 12055M (652M free)
TotalPageFile size 18055M (AvailPageFile size 60M)
current process WorkingSet (physical memory assigned to process): 75M, peak: 263M
current process commit charge ("private bytes"): 268M, peak: 299M

vm_info: OpenJDK 64-Bit Server VM (17.0.10+7) for windows-amd64 JRE (17.0.10+7), built on Jan 16 2024 23:25:11 by "admin" with MS VC++ 16.10 / 16.11 (VS2019)

END.
